<?xml version="1.0" encoding="UTF-8"?>
<testng-results ignored="0" total="1" passed="1" failed="0" skipped="0">
  <reporter-output>
  </reporter-output>
  <suite started-at="2024-01-31T12:23:18 IST" name="Surefire suite" finished-at="2024-01-31T12:23:37 IST" duration-ms="19210">
    <groups>
    </groups>
    <test started-at="2024-01-31T12:23:18 IST" name="Surefire test" finished-at="2024-01-31T12:23:37 IST" duration-ms="19210">
      <class name="driverFactory.appTest">
        <test-method signature="kickstart()[pri:0, instance:driverFactory.appTest@2638011]" started-at="2024-01-31T12:23:18 IST" name="kickstart" finished-at="2024-01-31T12:23:37 IST" duration-ms="19160" status="PASS">
          <reporter-output>
          </reporter-output>
        </test-method> <!-- kickstart -->
      </class> <!-- driverFactory.appTest -->
    </test> <!-- Surefire test -->
  </suite> <!-- Surefire suite -->
</testng-results>
